<?xml version="1.0" encoding="utf-8"?>
<!DOCTYPE hibernate-configuration PUBLIC
        "-//Hibernate/Hibernate Configuration DTD 3.0//EN"
        "http://hibernate.sourceforge.net/hibernate-configuration-3.0.dtd">

<hibernate-configuration>
    <session-factory>
        <property name="hibernate.show_sql">true</property>
        <mapping resource="Provider.hbm.xml"/>
        <mapping resource="ProviderRole.hbm.xml"/>
        <mapping resource="Printer.hbm.xml"/>
        <mapping resource="ExportedPackage.hbm.xml" />
        <mapping resource="ImportedPackage.hbm.xml" />
        <mapping resource="ImportedItem.hbm.xml" />
        <mapping resource="Bed.hbm.xml"/>
        <mapping resource="BedLocationMapping.hbm.xml"/>
        <mapping resource="BedPatientAssignment.hbm.xml"/>
    </session-factory>
</hibernate-configuration>
